<?xml version="1.0" encoding="UTF-8"?>
<!-- Generated by org.testng.reporters.JUnitReportReporter -->
<testsuite hostname="LIN-C6BN9K3" failures="0" tests="1" name="NbTestRunner.TestRunner" time="51.891" errors="0" timestamp="2024-04-17T19:59:23 IST" skipped="0">
  <testcase classname="NbTestRunner.TestRunner" name="runScenario" time="51.891"/>
</testsuite> <!-- NbTestRunner.TestRunner -->
